<?xml version="1.0" encoding="UTF-8"?>
<!-- Generated by org.testng.reporters.JUnitReportReporter -->
<testsuite hostname="DESKTOP-N46G1GJ" failures="0" tests="1" name="com.extendreport.IntroTest" time="0.727" errors="0" timestamp="2024-11-07T13:05:51 IST" skipped="0">
  <testcase classname="com.extendreport.IntroTest" name="test" time="0.727"/>
</testsuite> <!-- com.extendreport.IntroTest -->
