<?xml version="1.0" encoding="UTF-8"?>
<!-- Generated by org.testng.reporters.JUnitReportReporter -->
<testsuite hostname="DESKTOP-N46G1GJ" failures="0" tests="1" name="com.practice.AngularPractice" time="21.508" errors="0" timestamp="2024-11-07T18:21:15 IST" skipped="0">
  <testcase classname="com.practice.AngularPractice" name="angularPractice" time="21.508"/>
</testsuite> <!-- com.practice.AngularPractice -->
