<?xml version="1.0" encoding="UTF-8"?>
<!-- Generated by org.testng.reporters.JUnitReportReporter -->
<testsuite hostname="DESKTOP-N46G1GJ" failures="0" tests="1" name="com.popup.FileuploadPopup" time="25.493" errors="0" timestamp="2024-10-30T11:21:55 IST" skipped="0">
  <testcase classname="com.popup.FileuploadPopup" name="fileUploadPopup" time="25.493"/>
</testsuite> <!-- com.popup.FileuploadPopup -->
