<?xml version="1.0" encoding="UTF-8"?>
<!-- Generated by org.testng.reporters.JUnitReportReporter -->
<testsuite hostname="DESKTOP-N46G1GJ" failures="0" tests="1" name="com.extendreport.AddingScreenshot" time="17.003" errors="0" timestamp="2024-11-07T15:28:49 IST" skipped="0">
  <testcase classname="com.extendreport.AddingScreenshot" name="test" time="17.003"/>
</testsuite> <!-- com.extendreport.AddingScreenshot -->
