<?xml version="1.0" encoding="UTF-8"?>
<!-- Generated by org.testng.reporters.JUnitReportReporter -->
<testsuite hostname="DESKTOP-N46G1GJ" failures="0" tests="1" name="com.actions.MoveToElement" time="33.911" errors="0" timestamp="2024-10-22T23:02:58 IST" skipped="0">
  <testcase classname="com.actions.MoveToElement" name="moveToElementVertical" time="33.911"/>
</testsuite> <!-- com.actions.MoveToElement -->
