<?xml version="1.0" encoding="UTF-8"?>
<!-- Generated by org.testng.reporters.JUnitReportReporter -->
<testsuite hostname="DESKTOP-N46G1GJ" failures="0" tests="1" name="com.popup.AuthenticationPopup" time="28.762" errors="0" timestamp="2024-10-30T11:30:35 IST" skipped="0">
  <testcase classname="com.popup.AuthenticationPopup" name="authenticationPopup" time="28.762"/>
</testsuite> <!-- com.popup.AuthenticationPopup -->
