<?xml version="1.0" encoding="UTF-8"?>
<!-- Generated by org.testng.reporters.JUnitReportReporter -->
<testsuite hostname="DESKTOP-N46G1GJ" failures="0" tests="1" name="com.testng.FetchingDataFromXMLFile" time="52.703" errors="0" timestamp="2024-10-17T11:51:30 IST" skipped="0">
  <testcase classname="com.testng.FetchingDataFromXMLFile" name="trello" time="52.703"/>
</testsuite> <!-- com.testng.FetchingDataFromXMLFile -->
