<?xml version="1.0" encoding="UTF-8"?>
<!-- Generated by org.testng.reporters.JUnitReportReporter -->
<testsuite hostname="DESKTOP-N46G1GJ" failures="0" tests="1" name="com.testng.GroupExecution01" time="0.003" errors="0" timestamp="2024-10-17T10:59:30 IST" skipped="0">
  <testcase classname="com.testng.GroupExecution01" name="profile" time="0.003"/>
</testsuite> <!-- com.testng.GroupExecution01 -->
