<?xml version="1.0" encoding="UTF-8"?>
<!-- Generated by org.testng.reporters.JUnitReportReporter -->
<testsuite hostname="DESKTOP-N46G1GJ" failures="0" tests="1" name="com.actions.ActionsClassAllMethods" time="19.347" errors="0" timestamp="2024-10-22T22:54:47 IST" skipped="0">
  <testcase classname="com.actions.ActionsClassAllMethods" name="moveToElementTest" time="19.347"/>
</testsuite> <!-- com.actions.ActionsClassAllMethods -->
