<?xml version="1.0" encoding="UTF-8"?>
<!-- Generated by org.testng.reporters.JUnitReportReporter -->
<testsuite hostname="DESKTOP-N46G1GJ" failures="0" tests="4" name="com.testng.TestNGIntro" time="0.029" errors="0" timestamp="2024-10-11T23:16:07 IST" skipped="0">
  <testcase classname="com.testng.TestNGIntro" name="login" time="0.021"/>
  <testcase classname="com.testng.TestNGIntro" name="home" time="0.003"/>
  <testcase classname="com.testng.TestNGIntro" name="profile" time="0.002"/>
  <testcase classname="com.testng.TestNGIntro" name="logout" time="0.003"/>
</testsuite> <!-- com.testng.TestNGIntro -->
