<?xml version="1.0" encoding="UTF-8"?>
<!-- Generated by org.testng.reporters.JUnitReportReporter -->
<testsuite hostname="DESKTOP-N46G1GJ" failures="0" tests="1" name="com.frames.Frames" time="14.116" errors="0" timestamp="2024-10-26T11:24:55 IST" skipped="0">
  <testcase classname="com.frames.Frames" name="frames" time="14.116"/>
</testsuite> <!-- com.frames.Frames -->
