<?xml version="1.0" encoding="UTF-8"?>
<!-- Generated by org.testng.reporters.JUnitReportReporter -->
<testsuite hostname="DESKTOP-N46G1GJ" failures="0" tests="1" name="com.extendreport.DemoApp" time="7.474" errors="0" timestamp="2024-11-08T10:49:47 IST" skipped="0">
  <testcase classname="com.extendreport.DemoApp" name="demo" time="7.474"/>
</testsuite> <!-- com.extendreport.DemoApp -->
