<?xml version="1.0" encoding="UTF-8"?>
<!-- Generated by org.testng.reporters.JUnitReportReporter -->
<testsuite hostname="DESKTOP-N46G1GJ" failures="0" tests="1" name="com.practice.Checkboxes" time="17.455" errors="0" timestamp="2024-11-02T12:39:30 IST" skipped="0">
  <testcase classname="com.practice.Checkboxes" name="checkbox" time="17.455"/>
</testsuite> <!-- com.practice.Checkboxes -->
