<?xml version="1.0" encoding="UTF-8"?>
<!-- Generated by org.testng.reporters.JUnitReportReporter -->
<testsuite hostname="DESKTOP-N46G1GJ" failures="0" tests="2" name="com.testng.GroupExecution02" time="0.016" errors="0" timestamp="2024-10-17T10:59:30 IST" skipped="0">
  <testcase classname="com.testng.GroupExecution02" name="facebook" time="0.009"/>
  <testcase classname="com.testng.GroupExecution02" name="trello" time="0.007"/>
</testsuite> <!-- com.testng.GroupExecution02 -->
