<?xml version="1.0" encoding="UTF-8"?>
<!-- Generated by org.testng.reporters.JUnitReportReporter -->
<testsuite hostname="DESKTOP-N46G1GJ" failures="0" tests="6" name="com.popup.HiddenDivisionPopup" time="132.760" errors="0" timestamp="2024-10-29T22:34:32 IST" skipped="0">
  <testcase classname="com.popup.HiddenDivisionPopup" name="hiddenDivisionPopupInteract" time="6.373"/>
  <testcase classname="com.popup.HiddenDivisionPopup" name="javascriptPopupDismiss" time="39.425"/>
  <testcase classname="com.popup.HiddenDivisionPopup" name="javascriptPopupGetText" time="36.363"/>
  <testcase classname="com.popup.HiddenDivisionPopup" name="javascriptPopupAccept" time="43.081"/>
  <testcase classname="com.popup.HiddenDivisionPopup" name="notificationPopup" time="4.658"/>
  <testcase classname="com.popup.HiddenDivisionPopup" name="hiddenDivisionPopupIgnore" time="2.860"/>
</testsuite> <!-- com.popup.HiddenDivisionPopup -->
